GestureBuilder/app/build/outputs/logs/manifest-merger-debug-report.txt
-- Merging decision tree log ---
manifest
ADDED from src\main\AndroidManifest.xml:18:1-44:12
INJECTED from src\main\AndroidManifest.xml:18:1-44:12
INJECTED from src\main\AndroidManifest.xml:18:1-44:12
	package
		ADDED from src\main\AndroidManifest.xml:19:5-42
		INJECTED from src\main\AndroidManifest.xml
		INJECTED from src\main\AndroidManifest.xml
	xmlns:android
		ADDED from src\main\AndroidManifest.xml:18:11-69
uses-permission#android.permission.WRITE_EXTERNAL_STORAGE
ADDED from src\main\AndroidManifest.xml:21:5-81
	android:name
		ADDED from src\main\AndroidManifest.xml:21:22-78
uses-sdk
ADDED from src\main\AndroidManifest.xml:23:5-46
INJECTED from src\main\AndroidManifest.xml:23:5-46
INJECTED from src\main\AndroidManifest.xml:23:5-46
	android:targetSdkVersion
		ADDED from src\main\AndroidManifest.xml:23:15-44
		INJECTED from src\main\AndroidManifest.xml
		INJECTED from src\main\AndroidManifest.xml
application
ADDED from src\main\AndroidManifest.xml:24:5-43:19
activity#com.android.gesture.builder.GestureBuilderActivity
ADDED from src\main\AndroidManifest.xml:26:9-37:20
	android:label
		ADDED from src\main\AndroidManifest.xml:28:13-53
	android:icon
		ADDED from src\main\AndroidManifest.xml:29:13-55
	android:name
		ADDED from src\main\AndroidManifest.xml:27:13-50
intent-filter#android.intent.action.MAIN+android.intent.category.DEFAULT+android.intent.category.LAUNCHER
ADDED from src\main\AndroidManifest.xml:31:13-35:29
action#android.intent.action.MAIN
ADDED from src\main\AndroidManifest.xml:32:17-69
	android:name
		ADDED from src\main\AndroidManifest.xml:32:25-66
category#android.intent.category.LAUNCHER
ADDED from src\main\AndroidManifest.xml:33:17-77
	android:name
		ADDED from src\main\AndroidManifest.xml:33:27-74
category#android.intent.category.DEFAULT
ADDED from src\main\AndroidManifest.xml:34:17-76
	android:name
		ADDED from src\main\AndroidManifest.xml:34:27-73
activity#com.android.gesture.builder.CreateGestureActivity
ADDED from src\main\AndroidManifest.xml:39:9-41:60
	android:label
		ADDED from src\main\AndroidManifest.xml:41:13-57
	android:name
		ADDED from src\main\AndroidManifest.xml:40:13-49